{"F:\\Magdy\\The D\\d-task\\src\\App.js": {"path":"F:\\Magdy\\The D\\d-task\\src\\App.js","statementMap":{"0":{"start":{"line":7,"column":2},"end":{"line":14,"column":4}}},"fnMap":{"0":{"name":"App","decl":{"start":{"line":6,"column":16},"end":{"line":6,"column":19}},"loc":{"start":{"line":6,"column":22},"end":{"line":16,"column":1}},"line":6}},"branchMap":{},"s":{"0":1},"f":{"0":1},"b":{},"_coverageSchema":"43e27e138ebf9cfc5966b082cf9a028302ed4184","hash":"7ee610461a43e6a799a0490d3400231b59f2fac0"}
,"F:\\Magdy\\The D\\d-task\\src\\index.js": {"path":"F:\\Magdy\\The D\\d-task\\src\\index.js","statementMap":{"0":{"start":{"line":13,"column":0},"end":{"line":13,"column":18}},"1":{"start":{"line":14,"column":0},"end":{"line":14,"column":18}},"2":{"start":{"line":15,"column":0},"end":{"line":17,"column":46}},"3":{"start":{"line":22,"column":0},"end":{"line":22,"column":27}}},"fnMap":{},"branchMap":{},"s":{"0":0,"1":0,"2":0,"3":0},"f":{},"b":{},"hash":"8f6e496018e0dff84879cb2fe787a55bf2e0598e"}
,"F:\\Magdy\\The D\\d-task\\src\\serviceWorker.js": {"path":"F:\\Magdy\\The D\\d-task\\src\\serviceWorker.js","statementMap":{"0":{"start":{"line":13,"column":20},"end":{"line":21,"column":1}},"1":{"start":{"line":24,"column":2},"end":{"line":54,"column":3}},"2":{"start":{"line":26,"column":22},"end":{"line":26,"column":75}},"3":{"start":{"line":27,"column":4},"end":{"line":32,"column":5}},"4":{"start":{"line":31,"column":6},"end":{"line":31,"column":13}},"5":{"start":{"line":34,"column":4},"end":{"line":53,"column":7}},"6":{"start":{"line":35,"column":20},"end":{"line":35,"column":65}},"7":{"start":{"line":37,"column":6},"end":{"line":52,"column":7}},"8":{"start":{"line":39,"column":8},"end":{"line":39,"column":47}},"9":{"start":{"line":43,"column":8},"end":{"line":48,"column":11}},"10":{"start":{"line":44,"column":10},"end":{"line":47,"column":12}},"11":{"start":{"line":51,"column":8},"end":{"line":51,"column":39}},"12":{"start":{"line":58,"column":2},"end":{"line":98,"column":7}},"13":{"start":{"line":61,"column":6},"end":{"line":94,"column":8}},"14":{"start":{"line":62,"column":33},"end":{"line":62,"column":56}},"15":{"start":{"line":63,"column":8},"end":{"line":65,"column":9}},"16":{"start":{"line":64,"column":10},"end":{"line":64,"column":17}},"17":{"start":{"line":66,"column":8},"end":{"line":93,"column":10}},"18":{"start":{"line":67,"column":10},"end":{"line":92,"column":11}},"19":{"start":{"line":68,"column":12},"end":{"line":91,"column":13}},"20":{"start":{"line":72,"column":14},"end":{"line":75,"column":16}},"21":{"start":{"line":78,"column":14},"end":{"line":80,"column":15}},"22":{"start":{"line":79,"column":16},"end":{"line":79,"column":46}},"23":{"start":{"line":85,"column":14},"end":{"line":85,"column":64}},"24":{"start":{"line":88,"column":14},"end":{"line":90,"column":15}},"25":{"start":{"line":89,"column":16},"end":{"line":89,"column":47}},"26":{"start":{"line":97,"column":6},"end":{"line":97,"column":72}},"27":{"start":{"line":103,"column":2},"end":{"line":126,"column":7}},"28":{"start":{"line":106,"column":26},"end":{"line":106,"column":62}},"29":{"start":{"line":107,"column":6},"end":{"line":120,"column":7}},"30":{"start":{"line":112,"column":8},"end":{"line":116,"column":11}},"31":{"start":{"line":113,"column":10},"end":{"line":115,"column":13}},"32":{"start":{"line":114,"column":12},"end":{"line":114,"column":37}},"33":{"start":{"line":119,"column":8},"end":{"line":119,"column":39}},"34":{"start":{"line":123,"column":6},"end":{"line":125,"column":8}},"35":{"start":{"line":130,"column":2},"end":{"line":134,"column":3}},"36":{"start":{"line":131,"column":4},"end":{"line":133,"column":7}},"37":{"start":{"line":132,"column":6},"end":{"line":132,"column":32}}},"fnMap":{"0":{"name":"register","decl":{"start":{"line":23,"column":16},"end":{"line":23,"column":24}},"loc":{"start":{"line":23,"column":33},"end":{"line":55,"column":1}},"line":23},"1":{"name":"(anonymous_1)","decl":{"start":{"line":34,"column":36},"end":{"line":34,"column":37}},"loc":{"start":{"line":34,"column":42},"end":{"line":53,"column":5}},"line":34},"2":{"name":"(anonymous_2)","decl":{"start":{"line":43,"column":43},"end":{"line":43,"column":44}},"loc":{"start":{"line":43,"column":49},"end":{"line":48,"column":9}},"line":43},"3":{"name":"registerValidSW","decl":{"start":{"line":57,"column":9},"end":{"line":57,"column":24}},"loc":{"start":{"line":57,"column":40},"end":{"line":99,"column":1}},"line":57},"4":{"name":"(anonymous_4)","decl":{"start":{"line":60,"column":10},"end":{"line":60,"column":11}},"loc":{"start":{"line":60,"column":26},"end":{"line":95,"column":5}},"line":60},"5":{"name":"(anonymous_5)","decl":{"start":{"line":61,"column":35},"end":{"line":61,"column":36}},"loc":{"start":{"line":61,"column":41},"end":{"line":94,"column":7}},"line":61},"6":{"name":"(anonymous_6)","decl":{"start":{"line":66,"column":41},"end":{"line":66,"column":42}},"loc":{"start":{"line":66,"column":47},"end":{"line":93,"column":9}},"line":66},"7":{"name":"(anonymous_7)","decl":{"start":{"line":96,"column":11},"end":{"line":96,"column":12}},"loc":{"start":{"line":96,"column":20},"end":{"line":98,"column":5}},"line":96},"8":{"name":"checkValidServiceWorker","decl":{"start":{"line":101,"column":9},"end":{"line":101,"column":32}},"loc":{"start":{"line":101,"column":48},"end":{"line":127,"column":1}},"line":101},"9":{"name":"(anonymous_9)","decl":{"start":{"line":104,"column":10},"end":{"line":104,"column":11}},"loc":{"start":{"line":104,"column":22},"end":{"line":121,"column":5}},"line":104},"10":{"name":"(anonymous_10)","decl":{"start":{"line":112,"column":43},"end":{"line":112,"column":44}},"loc":{"start":{"line":112,"column":59},"end":{"line":116,"column":9}},"line":112},"11":{"name":"(anonymous_11)","decl":{"start":{"line":113,"column":41},"end":{"line":113,"column":42}},"loc":{"start":{"line":113,"column":47},"end":{"line":115,"column":11}},"line":113},"12":{"name":"(anonymous_12)","decl":{"start":{"line":122,"column":11},"end":{"line":122,"column":12}},"loc":{"start":{"line":122,"column":17},"end":{"line":126,"column":5}},"line":122},"13":{"name":"unregister","decl":{"start":{"line":129,"column":16},"end":{"line":129,"column":26}},"loc":{"start":{"line":129,"column":29},"end":{"line":135,"column":1}},"line":129},"14":{"name":"(anonymous_14)","decl":{"start":{"line":131,"column":39},"end":{"line":131,"column":40}},"loc":{"start":{"line":131,"column":55},"end":{"line":133,"column":5}},"line":131}},"branchMap":{"0":{"loc":{"start":{"line":14,"column":2},"end":{"line":20,"column":5}},"type":"binary-expr","locations":[{"start":{"line":14,"column":2},"end":{"line":14,"column":42}},{"start":{"line":16,"column":4},"end":{"line":16,"column":40}},{"start":{"line":18,"column":4},"end":{"line":20,"column":5}}],"line":14},"1":{"loc":{"start":{"line":24,"column":2},"end":{"line":54,"column":3}},"type":"if","locations":[{"start":{"line":24,"column":2},"end":{"line":54,"column":3}},{"start":{"line":24,"column":2},"end":{"line":54,"column":3}}],"line":24},"2":{"loc":{"start":{"line":24,"column":6},"end":{"line":24,"column":75}},"type":"binary-expr","locations":[{"start":{"line":24,"column":6},"end":{"line":24,"column":43}},{"start":{"line":24,"column":47},"end":{"line":24,"column":75}}],"line":24},"3":{"loc":{"start":{"line":27,"column":4},"end":{"line":32,"column":5}},"type":"if","locations":[{"start":{"line":27,"column":4},"end":{"line":32,"column":5}},{"start":{"line":27,"column":4},"end":{"line":32,"column":5}}],"line":27},"4":{"loc":{"start":{"line":37,"column":6},"end":{"line":52,"column":7}},"type":"if","locations":[{"start":{"line":37,"column":6},"end":{"line":52,"column":7}},{"start":{"line":37,"column":6},"end":{"line":52,"column":7}}],"line":37},"5":{"loc":{"start":{"line":63,"column":8},"end":{"line":65,"column":9}},"type":"if","locations":[{"start":{"line":63,"column":8},"end":{"line":65,"column":9}},{"start":{"line":63,"column":8},"end":{"line":65,"column":9}}],"line":63},"6":{"loc":{"start":{"line":67,"column":10},"end":{"line":92,"column":11}},"type":"if","locations":[{"start":{"line":67,"column":10},"end":{"line":92,"column":11}},{"start":{"line":67,"column":10},"end":{"line":92,"column":11}}],"line":67},"7":{"loc":{"start":{"line":68,"column":12},"end":{"line":91,"column":13}},"type":"if","locations":[{"start":{"line":68,"column":12},"end":{"line":91,"column":13}},{"start":{"line":68,"column":12},"end":{"line":91,"column":13}}],"line":68},"8":{"loc":{"start":{"line":78,"column":14},"end":{"line":80,"column":15}},"type":"if","locations":[{"start":{"line":78,"column":14},"end":{"line":80,"column":15}},{"start":{"line":78,"column":14},"end":{"line":80,"column":15}}],"line":78},"9":{"loc":{"start":{"line":78,"column":18},"end":{"line":78,"column":43}},"type":"binary-expr","locations":[{"start":{"line":78,"column":18},"end":{"line":78,"column":24}},{"start":{"line":78,"column":28},"end":{"line":78,"column":43}}],"line":78},"10":{"loc":{"start":{"line":88,"column":14},"end":{"line":90,"column":15}},"type":"if","locations":[{"start":{"line":88,"column":14},"end":{"line":90,"column":15}},{"start":{"line":88,"column":14},"end":{"line":90,"column":15}}],"line":88},"11":{"loc":{"start":{"line":88,"column":18},"end":{"line":88,"column":44}},"type":"binary-expr","locations":[{"start":{"line":88,"column":18},"end":{"line":88,"column":24}},{"start":{"line":88,"column":28},"end":{"line":88,"column":44}}],"line":88},"12":{"loc":{"start":{"line":107,"column":6},"end":{"line":120,"column":7}},"type":"if","locations":[{"start":{"line":107,"column":6},"end":{"line":120,"column":7}},{"start":{"line":107,"column":6},"end":{"line":120,"column":7}}],"line":107},"13":{"loc":{"start":{"line":108,"column":8},"end":{"line":109,"column":73}},"type":"binary-expr","locations":[{"start":{"line":108,"column":8},"end":{"line":108,"column":31}},{"start":{"line":109,"column":9},"end":{"line":109,"column":28}},{"start":{"line":109,"column":32},"end":{"line":109,"column":72}}],"line":108},"14":{"loc":{"start":{"line":130,"column":2},"end":{"line":134,"column":3}},"type":"if","locations":[{"start":{"line":130,"column":2},"end":{"line":134,"column":3}},{"start":{"line":130,"column":2},"end":{"line":134,"column":3}}],"line":130}},"s":{"0":0,"1":0,"2":0,"3":0,"4":0,"5":0,"6":0,"7":0,"8":0,"9":0,"10":0,"11":0,"12":0,"13":0,"14":0,"15":0,"16":0,"17":0,"18":0,"19":0,"20":0,"21":0,"22":0,"23":0,"24":0,"25":0,"26":0,"27":0,"28":0,"29":0,"30":0,"31":0,"32":0,"33":0,"34":0,"35":0,"36":0,"37":0},"f":{"0":0,"1":0,"2":0,"3":0,"4":0,"5":0,"6":0,"7":0,"8":0,"9":0,"10":0,"11":0,"12":0,"13":0,"14":0},"b":{"0":[0,0,0],"1":[0,0],"2":[0,0],"3":[0,0],"4":[0,0],"5":[0,0],"6":[0,0],"7":[0,0],"8":[0,0],"9":[0,0],"10":[0,0],"11":[0,0],"12":[0,0],"13":[0,0,0],"14":[0,0]},"hash":"1e3acc4d1645f7ea0a875ce71fbd5426dd01865f"}
,"F:\\Magdy\\The D\\d-task\\src\\api\\constants.js": {"path":"F:\\Magdy\\The D\\d-task\\src\\api\\constants.js","statementMap":{"0":{"start":{"line":2,"column":20},"end":{"line":2,"column":86}},"1":{"start":{"line":3,"column":24},"end":{"line":3,"column":27}},"2":{"start":{"line":4,"column":26},"end":{"line":4,"column":110}}},"fnMap":{},"branchMap":{},"s":{"0":6,"1":6,"2":6},"f":{},"b":{},"_coverageSchema":"43e27e138ebf9cfc5966b082cf9a028302ed4184","hash":"f2e36e87d8c4c3383a71be487e691311a936c0d7"}
,"F:\\Magdy\\The D\\d-task\\src\\api\\footballAPI.js": {"path":"F:\\Magdy\\The D\\d-task\\src\\api\\footballAPI.js","statementMap":{"0":{"start":{"line":8,"column":18},"end":{"line":58,"column":1}},"1":{"start":{"line":10,"column":4},"end":{"line":22,"column":5}},"2":{"start":{"line":13,"column":27},"end":{"line":13,"column":42}},"3":{"start":{"line":15,"column":8},"end":{"line":15,"column":54}},"4":{"start":{"line":17,"column":9},"end":{"line":20,"column":10}},"5":{"start":{"line":27,"column":4},"end":{"line":39,"column":5}},"6":{"start":{"line":30,"column":27},"end":{"line":30,"column":42}},"7":{"start":{"line":32,"column":8},"end":{"line":32,"column":54}},"8":{"start":{"line":34,"column":9},"end":{"line":37,"column":10}},"9":{"start":{"line":44,"column":4},"end":{"line":56,"column":5}},"10":{"start":{"line":47,"column":27},"end":{"line":47,"column":42}},"11":{"start":{"line":49,"column":8},"end":{"line":49,"column":65}},"12":{"start":{"line":51,"column":9},"end":{"line":54,"column":10}}},"fnMap":{"0":{"name":"(anonymous_0)","decl":{"start":{"line":9,"column":12},"end":{"line":9,"column":13}},"loc":{"start":{"line":9,"column":16},"end":{"line":23,"column":1}},"line":9},"1":{"name":"(anonymous_1)","decl":{"start":{"line":13,"column":13},"end":{"line":13,"column":14}},"loc":{"start":{"line":13,"column":27},"end":{"line":13,"column":42}},"line":13},"2":{"name":"(anonymous_2)","decl":{"start":{"line":14,"column":15},"end":{"line":14,"column":16}},"loc":{"start":{"line":14,"column":23},"end":{"line":16,"column":6}},"line":14},"3":{"name":"(anonymous_3)","decl":{"start":{"line":16,"column":14},"end":{"line":16,"column":15}},"loc":{"start":{"line":16,"column":21},"end":{"line":21,"column":6}},"line":16},"4":{"name":"(anonymous_4)","decl":{"start":{"line":26,"column":12},"end":{"line":26,"column":13}},"loc":{"start":{"line":26,"column":16},"end":{"line":40,"column":1}},"line":26},"5":{"name":"(anonymous_5)","decl":{"start":{"line":30,"column":13},"end":{"line":30,"column":14}},"loc":{"start":{"line":30,"column":27},"end":{"line":30,"column":42}},"line":30},"6":{"name":"(anonymous_6)","decl":{"start":{"line":31,"column":15},"end":{"line":31,"column":16}},"loc":{"start":{"line":31,"column":23},"end":{"line":33,"column":6}},"line":31},"7":{"name":"(anonymous_7)","decl":{"start":{"line":33,"column":14},"end":{"line":33,"column":15}},"loc":{"start":{"line":33,"column":21},"end":{"line":38,"column":6}},"line":33},"8":{"name":"(anonymous_8)","decl":{"start":{"line":43,"column":23},"end":{"line":43,"column":24}},"loc":{"start":{"line":43,"column":42},"end":{"line":57,"column":1}},"line":43},"9":{"name":"(anonymous_9)","decl":{"start":{"line":47,"column":13},"end":{"line":47,"column":14}},"loc":{"start":{"line":47,"column":27},"end":{"line":47,"column":42}},"line":47},"10":{"name":"(anonymous_10)","decl":{"start":{"line":48,"column":15},"end":{"line":48,"column":16}},"loc":{"start":{"line":48,"column":23},"end":{"line":50,"column":6}},"line":48},"11":{"name":"(anonymous_11)","decl":{"start":{"line":50,"column":14},"end":{"line":50,"column":15}},"loc":{"start":{"line":50,"column":21},"end":{"line":55,"column":6}},"line":50}},"branchMap":{},"s":{"0":6,"1":1,"2":0,"3":0,"4":0,"5":1,"6":0,"7":0,"8":0,"9":1,"10":0,"11":0,"12":0},"f":{"0":1,"1":0,"2":0,"3":0,"4":1,"5":0,"6":0,"7":0,"8":1,"9":0,"10":0,"11":0},"b":{},"_coverageSchema":"43e27e138ebf9cfc5966b082cf9a028302ed4184","hash":"285b0acc7df8116383a48bbbe845687c0e7d20cb"}
,"F:\\Magdy\\The D\\d-task\\src\\components\\clubCard.js": {"path":"F:\\Magdy\\The D\\d-task\\src\\components\\clubCard.js","statementMap":{"0":{"start":{"line":8,"column":4},"end":{"line":20,"column":5}}},"fnMap":{"0":{"name":"ClubCard","decl":{"start":{"line":7,"column":24},"end":{"line":7,"column":32}},"loc":{"start":{"line":7,"column":40},"end":{"line":21,"column":1}},"line":7}},"branchMap":{"0":{"loc":{"start":{"line":10,"column":13},"end":{"line":17,"column":22}},"type":"binary-expr","locations":[{"start":{"line":10,"column":13},"end":{"line":10,"column":23}},{"start":{"line":11,"column":16},"end":{"line":17,"column":22}}],"line":10}},"s":{"0":1},"f":{"0":1},"b":{"0":[1,0]},"_coverageSchema":"43e27e138ebf9cfc5966b082cf9a028302ed4184","hash":"34c273ab55cf935007b7348ff51f355909e76b93"}
,"F:\\Magdy\\The D\\d-task\\src\\components\\gameCard.js": {"path":"F:\\Magdy\\The D\\d-task\\src\\components\\gameCard.js","statementMap":{"0":{"start":{"line":9,"column":16},"end":{"line":9,"column":26}},"1":{"start":{"line":10,"column":4},"end":{"line":10,"column":31}},"2":{"start":{"line":11,"column":16},"end":{"line":11,"column":71}},"3":{"start":{"line":12,"column":4},"end":{"line":12,"column":31}},"4":{"start":{"line":14,"column":4},"end":{"line":71,"column":5}}},"fnMap":{"0":{"name":"GameCard","decl":{"start":{"line":7,"column":24},"end":{"line":7,"column":32}},"loc":{"start":{"line":7,"column":40},"end":{"line":72,"column":1}},"line":7}},"branchMap":{"0":{"loc":{"start":{"line":11,"column":16},"end":{"line":11,"column":71}},"type":"cond-expr","locations":[{"start":{"line":11,"column":29},"end":{"line":11,"column":60}},{"start":{"line":11,"column":61},"end":{"line":11,"column":71}}],"line":11},"1":{"loc":{"start":{"line":16,"column":13},"end":{"line":68,"column":22}},"type":"binary-expr","locations":[{"start":{"line":16,"column":13},"end":{"line":16,"column":23}},{"start":{"line":17,"column":16},"end":{"line":68,"column":22}}],"line":16},"2":{"loc":{"start":{"line":26,"column":28},"end":{"line":34,"column":34}},"type":"binary-expr","locations":[{"start":{"line":26,"column":29},"end":{"line":26,"column":58}},{"start":{"line":26,"column":62},"end":{"line":26,"column":101}},{"start":{"line":27,"column":28},"end":{"line":34,"column":34}}],"line":26},"3":{"loc":{"start":{"line":37,"column":28},"end":{"line":45,"column":34}},"type":"binary-expr","locations":[{"start":{"line":37,"column":28},"end":{"line":37,"column":66}},{"start":{"line":38,"column":28},"end":{"line":45,"column":34}}],"line":37},"4":{"loc":{"start":{"line":48,"column":28},"end":{"line":52,"column":34}},"type":"binary-expr","locations":[{"start":{"line":48,"column":29},"end":{"line":48,"column":59}},{"start":{"line":48,"column":63},"end":{"line":48,"column":102}},{"start":{"line":49,"column":28},"end":{"line":52,"column":34}}],"line":48},"5":{"loc":{"start":{"line":55,"column":28},"end":{"line":59,"column":34}},"type":"binary-expr","locations":[{"start":{"line":55,"column":29},"end":{"line":55,"column":59}},{"start":{"line":55,"column":63},"end":{"line":55,"column":102}},{"start":{"line":56,"column":28},"end":{"line":59,"column":34}}],"line":55}},"s":{"0":1,"1":1,"2":1,"3":1,"4":1},"f":{"0":1},"b":{"0":[0,1],"1":[1,0],"2":[0,0,0],"3":[0,0],"4":[0,0,0],"5":[0,0,0]},"_coverageSchema":"43e27e138ebf9cfc5966b082cf9a028302ed4184","hash":"286748713f862d00f7277415a392d8edfd1eecc8"}
,"F:\\Magdy\\The D\\d-task\\src\\components\\playerCard.js": {"path":"F:\\Magdy\\The D\\d-task\\src\\components\\playerCard.js","statementMap":{"0":{"start":{"line":9,"column":4},"end":{"line":29,"column":5}}},"fnMap":{"0":{"name":"PlayerCard","decl":{"start":{"line":8,"column":24},"end":{"line":8,"column":34}},"loc":{"start":{"line":8,"column":42},"end":{"line":30,"column":1}},"line":8}},"branchMap":{"0":{"loc":{"start":{"line":15,"column":16},"end":{"line":19,"column":22}},"type":"binary-expr","locations":[{"start":{"line":15,"column":16},"end":{"line":15,"column":28}},{"start":{"line":16,"column":16},"end":{"line":19,"column":22}}],"line":15},"1":{"loc":{"start":{"line":22,"column":16},"end":{"line":26,"column":22}},"type":"binary-expr","locations":[{"start":{"line":22,"column":16},"end":{"line":22,"column":29}},{"start":{"line":23,"column":16},"end":{"line":26,"column":22}}],"line":22}},"s":{"0":1},"f":{"0":1},"b":{"0":[1,0],"1":[1,0]},"_coverageSchema":"43e27e138ebf9cfc5966b082cf9a028302ed4184","hash":"2def465dca952bc15c0222489c1e29e05de9aa70"}
,"F:\\Magdy\\The D\\d-task\\src\\components\\searchComponent.js": {"path":"F:\\Magdy\\The D\\d-task\\src\\components\\searchComponent.js","statementMap":{"0":{"start":{"line":14,"column":8},"end":{"line":14,"column":21}},"1":{"start":{"line":15,"column":8},"end":{"line":18,"column":9}},"2":{"start":{"line":22,"column":8},"end":{"line":60,"column":9}},"3":{"start":{"line":28,"column":32},"end":{"line":33,"column":33}},"4":{"start":{"line":29,"column":36},"end":{"line":29,"column":91}},"5":{"start":{"line":31,"column":37},"end":{"line":33,"column":33}},"6":{"start":{"line":32,"column":36},"end":{"line":32,"column":91}},"7":{"start":{"line":45,"column":32},"end":{"line":45,"column":79}},"8":{"start":{"line":49,"column":32},"end":{"line":49,"column":79}},"9":{"start":{"line":52,"column":32},"end":{"line":52,"column":55}},"10":{"start":{"line":53,"column":32},"end":{"line":53,"column":110}},"11":{"start":{"line":65,"column":4},"end":{"line":67,"column":5}},"12":{"start":{"line":71,"column":4},"end":{"line":75,"column":5}}},"fnMap":{"0":{"name":"(anonymous_0)","decl":{"start":{"line":13,"column":4},"end":{"line":13,"column":5}},"loc":{"start":{"line":13,"column":23},"end":{"line":19,"column":5}},"line":13},"1":{"name":"(anonymous_1)","decl":{"start":{"line":21,"column":4},"end":{"line":21,"column":5}},"loc":{"start":{"line":21,"column":13},"end":{"line":61,"column":5}},"line":21},"2":{"name":"(anonymous_2)","decl":{"start":{"line":27,"column":126},"end":{"line":27,"column":127}},"loc":{"start":{"line":27,"column":137},"end":{"line":34,"column":29}},"line":27},"3":{"name":"(anonymous_3)","decl":{"start":{"line":44,"column":159},"end":{"line":44,"column":160}},"loc":{"start":{"line":44,"column":170},"end":{"line":46,"column":29}},"line":44},"4":{"name":"(anonymous_4)","decl":{"start":{"line":48,"column":160},"end":{"line":48,"column":161}},"loc":{"start":{"line":48,"column":171},"end":{"line":50,"column":29}},"line":48},"5":{"name":"(anonymous_5)","decl":{"start":{"line":51,"column":77},"end":{"line":51,"column":78}},"loc":{"start":{"line":51,"column":88},"end":{"line":54,"column":29}},"line":51},"6":{"name":"mapStateToProps","decl":{"start":{"line":64,"column":9},"end":{"line":64,"column":24}},"loc":{"start":{"line":64,"column":42},"end":{"line":68,"column":1}},"line":64},"7":{"name":"mapDispatcherToProps","decl":{"start":{"line":70,"column":9},"end":{"line":70,"column":29}},"loc":{"start":{"line":70,"column":40},"end":{"line":77,"column":1}},"line":70}},"branchMap":{"0":{"loc":{"start":{"line":24,"column":17},"end":{"line":37,"column":26}},"type":"binary-expr","locations":[{"start":{"line":24,"column":17},"end":{"line":24,"column":50}},{"start":{"line":25,"column":20},"end":{"line":37,"column":26}}],"line":24},"1":{"loc":{"start":{"line":28,"column":32},"end":{"line":33,"column":33}},"type":"if","locations":[{"start":{"line":28,"column":32},"end":{"line":33,"column":33}},{"start":{"line":28,"column":32},"end":{"line":33,"column":33}}],"line":28},"2":{"loc":{"start":{"line":31,"column":37},"end":{"line":33,"column":33}},"type":"if","locations":[{"start":{"line":31,"column":37},"end":{"line":33,"column":33}},{"start":{"line":31,"column":37},"end":{"line":33,"column":33}}],"line":31},"3":{"loc":{"start":{"line":40,"column":20},"end":{"line":57,"column":27}},"type":"binary-expr","locations":[{"start":{"line":40,"column":20},"end":{"line":40,"column":53}},{"start":{"line":42,"column":20},"end":{"line":57,"column":27}}],"line":40}},"s":{"0":2,"1":2,"2":2,"3":0,"4":0,"5":0,"6":0,"7":0,"8":0,"9":0,"10":0,"11":2,"12":2},"f":{"0":2,"1":2,"2":0,"3":0,"4":0,"5":0,"6":2,"7":2},"b":{"0":[2,0],"1":[0,0],"2":[0,0],"3":[2,0]},"_coverageSchema":"43e27e138ebf9cfc5966b082cf9a028302ed4184","hash":"d27ba152c27f35670ce1b7fc4078ff357339cc3a"}
,"F:\\Magdy\\The D\\d-task\\src\\model\\club\\actions.js": {"path":"F:\\Magdy\\The D\\d-task\\src\\model\\club\\actions.js","statementMap":{"0":{"start":{"line":3,"column":23},"end":{"line":13,"column":1}},"1":{"start":{"line":5,"column":8},"end":{"line":5,"column":51}},"2":{"start":{"line":8,"column":8},"end":{"line":8,"column":55}},"3":{"start":{"line":11,"column":8},"end":{"line":11,"column":55}}},"fnMap":{"0":{"name":"(anonymous_0)","decl":{"start":{"line":4,"column":17},"end":{"line":4,"column":18}},"loc":{"start":{"line":4,"column":26},"end":{"line":6,"column":5}},"line":4},"1":{"name":"(anonymous_1)","decl":{"start":{"line":7,"column":16},"end":{"line":7,"column":17}},"loc":{"start":{"line":7,"column":30},"end":{"line":9,"column":5}},"line":7},"2":{"name":"(anonymous_2)","decl":{"start":{"line":10,"column":20},"end":{"line":10,"column":21}},"loc":{"start":{"line":10,"column":34},"end":{"line":12,"column":5}},"line":10}},"branchMap":{},"s":{"0":7,"1":1,"2":0,"3":1},"f":{"0":1,"1":0,"2":1},"b":{},"_coverageSchema":"43e27e138ebf9cfc5966b082cf9a028302ed4184","hash":"042dfb32954f288017df532fceeba9b7d75e2b69"}
,"F:\\Magdy\\The D\\d-task\\src\\model\\club\\constants.js": {"path":"F:\\Magdy\\The D\\d-task\\src\\model\\club\\constants.js","statementMap":{"0":{"start":{"line":1,"column":26},"end":{"line":5,"column":1}}},"fnMap":{},"branchMap":{},"s":{"0":7},"f":{},"b":{},"_coverageSchema":"43e27e138ebf9cfc5966b082cf9a028302ed4184","hash":"2cf9559892bcd558741ff371f26c66fac650ad54"}
,"F:\\Magdy\\The D\\d-task\\src\\model\\club\\reducers.js": {"path":"F:\\Magdy\\The D\\d-task\\src\\model\\club\\reducers.js","statementMap":{"0":{"start":{"line":4,"column":4},"end":{"line":21,"column":5}},"1":{"start":{"line":6,"column":12},"end":{"line":6,"column":79}},"2":{"start":{"line":8,"column":25},"end":{"line":8,"column":27}},"3":{"start":{"line":9,"column":12},"end":{"line":15,"column":13}},"4":{"start":{"line":10,"column":16},"end":{"line":10,"column":43}},"5":{"start":{"line":13,"column":16},"end":{"line":14,"column":136}},"6":{"start":{"line":14,"column":20},"end":{"line":14,"column":136}},"7":{"start":{"line":14,"column":64},"end":{"line":14,"column":134}},"8":{"start":{"line":16,"column":12},"end":{"line":16,"column":46}},"9":{"start":{"line":18,"column":12},"end":{"line":18,"column":62}},"10":{"start":{"line":20,"column":12},"end":{"line":20,"column":25}}},"fnMap":{"0":{"name":"clubReducer","decl":{"start":{"line":3,"column":24},"end":{"line":3,"column":35}},"loc":{"start":{"line":3,"column":98},"end":{"line":22,"column":1}},"line":3},"1":{"name":"(anonymous_1)","decl":{"start":{"line":14,"column":54},"end":{"line":14,"column":55}},"loc":{"start":{"line":14,"column":64},"end":{"line":14,"column":134}},"line":14}},"branchMap":{"0":{"loc":{"start":{"line":3,"column":36},"end":{"line":3,"column":88}},"type":"default-arg","locations":[{"start":{"line":3,"column":44},"end":{"line":3,"column":88}}],"line":3},"1":{"loc":{"start":{"line":4,"column":4},"end":{"line":21,"column":5}},"type":"switch","locations":[{"start":{"line":5,"column":8},"end":{"line":6,"column":79}},{"start":{"line":7,"column":8},"end":{"line":16,"column":46}},{"start":{"line":17,"column":8},"end":{"line":18,"column":62}},{"start":{"line":19,"column":8},"end":{"line":20,"column":25}}],"line":4},"2":{"loc":{"start":{"line":9,"column":12},"end":{"line":15,"column":13}},"type":"if","locations":[{"start":{"line":9,"column":12},"end":{"line":15,"column":13}},{"start":{"line":9,"column":12},"end":{"line":15,"column":13}}],"line":9},"3":{"loc":{"start":{"line":9,"column":16},"end":{"line":9,"column":75}},"type":"binary-expr","locations":[{"start":{"line":9,"column":16},"end":{"line":9,"column":40}},{"start":{"line":9,"column":44},"end":{"line":9,"column":75}}],"line":9},"4":{"loc":{"start":{"line":13,"column":16},"end":{"line":14,"column":136}},"type":"if","locations":[{"start":{"line":13,"column":16},"end":{"line":14,"column":136}},{"start":{"line":13,"column":16},"end":{"line":14,"column":136}}],"line":13}},"s":{"0":22,"1":2,"2":2,"3":2,"4":2,"5":0,"6":0,"7":0,"8":2,"9":0,"10":18},"f":{"0":22,"1":0},"b":{"0":[22],"1":[2,2,0,18],"2":[2,0],"3":[2,2],"4":[0,0]},"_coverageSchema":"43e27e138ebf9cfc5966b082cf9a028302ed4184","hash":"739414fa3c7f50ad13e6f65c428723c8356b4e0b"}
,"F:\\Magdy\\The D\\d-task\\src\\model\\game\\actions.js": {"path":"F:\\Magdy\\The D\\d-task\\src\\model\\game\\actions.js","statementMap":{"0":{"start":{"line":5,"column":23},"end":{"line":12,"column":1}},"1":{"start":{"line":7,"column":8},"end":{"line":7,"column":52}},"2":{"start":{"line":10,"column":8},"end":{"line":10,"column":65}}},"fnMap":{"0":{"name":"(anonymous_0)","decl":{"start":{"line":6,"column":17},"end":{"line":6,"column":18}},"loc":{"start":{"line":6,"column":26},"end":{"line":8,"column":5}},"line":6},"1":{"name":"(anonymous_1)","decl":{"start":{"line":9,"column":28},"end":{"line":9,"column":29}},"loc":{"start":{"line":9,"column":37},"end":{"line":11,"column":5}},"line":9}},"branchMap":{},"s":{"0":7,"1":1,"2":0},"f":{"0":1,"1":0},"b":{},"_coverageSchema":"43e27e138ebf9cfc5966b082cf9a028302ed4184","hash":"069c74aa4f6a3e61976ed7e4599b975a51beb977"}
,"F:\\Magdy\\The D\\d-task\\src\\model\\game\\constants.js": {"path":"F:\\Magdy\\The D\\d-task\\src\\model\\game\\constants.js","statementMap":{"0":{"start":{"line":1,"column":26},"end":{"line":4,"column":1}}},"fnMap":{},"branchMap":{},"s":{"0":7},"f":{},"b":{},"_coverageSchema":"43e27e138ebf9cfc5966b082cf9a028302ed4184","hash":"b0ec0bb530d6892574dbdf3eb6fbec770de3e8c6"}
,"F:\\Magdy\\The D\\d-task\\src\\model\\game\\reducers.js": {"path":"F:\\Magdy\\The D\\d-task\\src\\model\\game\\reducers.js","statementMap":{"0":{"start":{"line":4,"column":4},"end":{"line":13,"column":5}},"1":{"start":{"line":6,"column":12},"end":{"line":6,"column":67}},"2":{"start":{"line":9,"column":23},"end":{"line":9,"column":77}},"3":{"start":{"line":10,"column":12},"end":{"line":10,"column":45}},"4":{"start":{"line":12,"column":12},"end":{"line":12,"column":25}}},"fnMap":{"0":{"name":"gameReducer","decl":{"start":{"line":3,"column":24},"end":{"line":3,"column":35}},"loc":{"start":{"line":3,"column":82},"end":{"line":14,"column":1}},"line":3}},"branchMap":{"0":{"loc":{"start":{"line":3,"column":36},"end":{"line":3,"column":72}},"type":"default-arg","locations":[{"start":{"line":3,"column":44},"end":{"line":3,"column":72}}],"line":3},"1":{"loc":{"start":{"line":4,"column":4},"end":{"line":13,"column":5}},"type":"switch","locations":[{"start":{"line":5,"column":8},"end":{"line":6,"column":67}},{"start":{"line":7,"column":8},"end":{"line":10,"column":45}},{"start":{"line":11,"column":8},"end":{"line":12,"column":25}}],"line":4},"2":{"loc":{"start":{"line":9,"column":23},"end":{"line":9,"column":77}},"type":"cond-expr","locations":[{"start":{"line":9,"column":38},"end":{"line":9,"column":74}},{"start":{"line":9,"column":75},"end":{"line":9,"column":77}}],"line":9}},"s":{"0":22,"1":2,"2":0,"3":0,"4":20},"f":{"0":22},"b":{"0":[22],"1":[2,0,20],"2":[0,0]},"_coverageSchema":"43e27e138ebf9cfc5966b082cf9a028302ed4184","hash":"b837996c276ae1430957c55d7c44967b11ba340f"}
,"F:\\Magdy\\The D\\d-task\\src\\routes\\header.js": {"path":"F:\\Magdy\\The D\\d-task\\src\\routes\\header.js","statementMap":{"0":{"start":{"line":13,"column":8},"end":{"line":13,"column":21}},"1":{"start":{"line":14,"column":8},"end":{"line":16,"column":9}},"2":{"start":{"line":19,"column":8},"end":{"line":33,"column":9}},"3":{"start":{"line":37,"column":4},"end":{"line":39,"column":5}},"4":{"start":{"line":44,"column":4},"end":{"line":47,"column":5}}},"fnMap":{"0":{"name":"(anonymous_0)","decl":{"start":{"line":12,"column":4},"end":{"line":12,"column":5}},"loc":{"start":{"line":12,"column":22},"end":{"line":17,"column":5}},"line":12},"1":{"name":"(anonymous_1)","decl":{"start":{"line":18,"column":4},"end":{"line":18,"column":5}},"loc":{"start":{"line":18,"column":13},"end":{"line":34,"column":5}},"line":18},"2":{"name":"mapStateToProps","decl":{"start":{"line":36,"column":9},"end":{"line":36,"column":24}},"loc":{"start":{"line":36,"column":42},"end":{"line":40,"column":1}},"line":36},"3":{"name":"mapDispatcherToProps","decl":{"start":{"line":43,"column":9},"end":{"line":43,"column":29}},"loc":{"start":{"line":43,"column":40},"end":{"line":49,"column":1}},"line":43}},"branchMap":{"0":{"loc":{"start":{"line":38,"column":19},"end":{"line":38,"column":55}},"type":"cond-expr","locations":[{"start":{"line":38,"column":31},"end":{"line":38,"column":52}},{"start":{"line":38,"column":53},"end":{"line":38,"column":55}}],"line":38}},"s":{"0":1,"1":1,"2":1,"3":1,"4":1},"f":{"0":1,"1":1,"2":1,"3":1},"b":{"0":[0,1]},"_coverageSchema":"43e27e138ebf9cfc5966b082cf9a028302ed4184","hash":"ddcdbcf9119d69be8ec62ff2c4ab812b81703a29"}
,"F:\\Magdy\\The D\\d-task\\src\\routes\\route.js": {"path":"F:\\Magdy\\The D\\d-task\\src\\routes\\route.js","statementMap":{"0":{"start":{"line":9,"column":15},"end":{"line":20,"column":1}},"1":{"start":{"line":10,"column":4},"end":{"line":19,"column":5}}},"fnMap":{"0":{"name":"(anonymous_0)","decl":{"start":{"line":9,"column":15},"end":{"line":9,"column":16}},"loc":{"start":{"line":9,"column":21},"end":{"line":20,"column":1}},"line":9}},"branchMap":{},"s":{"0":1,"1":1},"f":{"0":1},"b":{},"_coverageSchema":"43e27e138ebf9cfc5966b082cf9a028302ed4184","hash":"8a5cb817c82ec2a87e0d4e3d8a2f1f191afec18e"}
,"F:\\Magdy\\The D\\d-task\\src\\routes\\club\\clubData.js": {"path":"F:\\Magdy\\The D\\d-task\\src\\routes\\club\\clubData.js","statementMap":{"0":{"start":{"line":13,"column":22},"end":{"line":13,"column":24}},"1":{"start":{"line":14,"column":20},"end":{"line":14,"column":22}},"2":{"start":{"line":15,"column":15},"end":{"line":15,"column":17}},"3":{"start":{"line":17,"column":15},"end":{"line":17,"column":25}},"4":{"start":{"line":19,"column":15},"end":{"line":19,"column":100}},"5":{"start":{"line":19,"column":55},"end":{"line":19,"column":95}},"6":{"start":{"line":21,"column":4},"end":{"line":26,"column":5}},"7":{"start":{"line":22,"column":8},"end":{"line":22,"column":110}},"8":{"start":{"line":22,"column":41},"end":{"line":22,"column":109}},"9":{"start":{"line":23,"column":8},"end":{"line":23,"column":106}},"10":{"start":{"line":23,"column":40},"end":{"line":23,"column":105}},"11":{"start":{"line":24,"column":8},"end":{"line":24,"column":182}},"12":{"start":{"line":24,"column":46},"end":{"line":24,"column":180}},"13":{"start":{"line":25,"column":8},"end":{"line":25,"column":183}},"14":{"start":{"line":25,"column":48},"end":{"line":25,"column":181}},"15":{"start":{"line":28,"column":4},"end":{"line":69,"column":5}},"16":{"start":{"line":50,"column":54},"end":{"line":50,"column":75}},"17":{"start":{"line":58,"column":56},"end":{"line":58,"column":77}},"18":{"start":{"line":73,"column":4},"end":{"line":76,"column":5}},"19":{"start":{"line":81,"column":4},"end":{"line":84,"column":5}}},"fnMap":{"0":{"name":"ClubData","decl":{"start":{"line":12,"column":16},"end":{"line":12,"column":24}},"loc":{"start":{"line":12,"column":32},"end":{"line":70,"column":1}},"line":12},"1":{"name":"(anonymous_1)","decl":{"start":{"line":19,"column":48},"end":{"line":19,"column":49}},"loc":{"start":{"line":19,"column":55},"end":{"line":19,"column":95}},"line":19},"2":{"name":"(anonymous_2)","decl":{"start":{"line":22,"column":28},"end":{"line":22,"column":29}},"loc":{"start":{"line":22,"column":41},"end":{"line":22,"column":109}},"line":22},"3":{"name":"(anonymous_3)","decl":{"start":{"line":23,"column":28},"end":{"line":23,"column":29}},"loc":{"start":{"line":23,"column":40},"end":{"line":23,"column":105}},"line":23},"4":{"name":"(anonymous_4)","decl":{"start":{"line":24,"column":39},"end":{"line":24,"column":40}},"loc":{"start":{"line":24,"column":46},"end":{"line":24,"column":180}},"line":24},"5":{"name":"(anonymous_5)","decl":{"start":{"line":25,"column":41},"end":{"line":25,"column":42}},"loc":{"start":{"line":25,"column":48},"end":{"line":25,"column":181}},"line":25},"6":{"name":"(anonymous_6)","decl":{"start":{"line":50,"column":47},"end":{"line":50,"column":48}},"loc":{"start":{"line":50,"column":54},"end":{"line":50,"column":75}},"line":50},"7":{"name":"(anonymous_7)","decl":{"start":{"line":58,"column":49},"end":{"line":58,"column":50}},"loc":{"start":{"line":58,"column":56},"end":{"line":58,"column":77}},"line":58},"8":{"name":"mapStateToProps","decl":{"start":{"line":72,"column":9},"end":{"line":72,"column":24}},"loc":{"start":{"line":72,"column":42},"end":{"line":77,"column":1}},"line":72},"9":{"name":"mapDispatcherToProps","decl":{"start":{"line":80,"column":9},"end":{"line":80,"column":29}},"loc":{"start":{"line":80,"column":40},"end":{"line":86,"column":1}},"line":80}},"branchMap":{"0":{"loc":{"start":{"line":19,"column":15},"end":{"line":19,"column":100}},"type":"cond-expr","locations":[{"start":{"line":19,"column":29},"end":{"line":19,"column":96}},{"start":{"line":19,"column":98},"end":{"line":19,"column":100}}],"line":19},"1":{"loc":{"start":{"line":21,"column":4},"end":{"line":26,"column":5}},"type":"if","locations":[{"start":{"line":21,"column":4},"end":{"line":26,"column":5}},{"start":{"line":21,"column":4},"end":{"line":26,"column":5}}],"line":21},"2":{"loc":{"start":{"line":24,"column":46},"end":{"line":24,"column":180}},"type":"binary-expr","locations":[{"start":{"line":24,"column":46},"end":{"line":24,"column":90}},{"start":{"line":24,"column":95},"end":{"line":24,"column":135}},{"start":{"line":24,"column":139},"end":{"line":24,"column":179}}],"line":24},"3":{"loc":{"start":{"line":25,"column":48},"end":{"line":25,"column":181}},"type":"binary-expr","locations":[{"start":{"line":25,"column":48},"end":{"line":25,"column":91}},{"start":{"line":25,"column":96},"end":{"line":25,"column":136}},{"start":{"line":25,"column":140},"end":{"line":25,"column":180}}],"line":25},"4":{"loc":{"start":{"line":32,"column":21},"end":{"line":44,"column":30}},"type":"binary-expr","locations":[{"start":{"line":32,"column":21},"end":{"line":32,"column":36}},{"start":{"line":33,"column":24},"end":{"line":44,"column":30}}],"line":32},"5":{"loc":{"start":{"line":46,"column":21},"end":{"line":52,"column":30}},"type":"binary-expr","locations":[{"start":{"line":46,"column":21},"end":{"line":46,"column":41}},{"start":{"line":47,"column":24},"end":{"line":52,"column":30}}],"line":46},"6":{"loc":{"start":{"line":54,"column":21},"end":{"line":60,"column":30}},"type":"binary-expr","locations":[{"start":{"line":54,"column":21},"end":{"line":54,"column":43}},{"start":{"line":55,"column":24},"end":{"line":60,"column":30}}],"line":54},"7":{"loc":{"start":{"line":74,"column":15},"end":{"line":74,"column":47}},"type":"cond-expr","locations":[{"start":{"line":74,"column":28},"end":{"line":74,"column":44}},{"start":{"line":74,"column":45},"end":{"line":74,"column":47}}],"line":74},"8":{"loc":{"start":{"line":75,"column":15},"end":{"line":75,"column":47}},"type":"cond-expr","locations":[{"start":{"line":75,"column":28},"end":{"line":75,"column":44}},{"start":{"line":75,"column":45},"end":{"line":75,"column":47}}],"line":75}},"s":{"0":1,"1":1,"2":1,"3":1,"4":1,"5":0,"6":1,"7":0,"8":0,"9":0,"10":0,"11":0,"12":0,"13":0,"14":0,"15":1,"16":0,"17":0,"18":0,"19":0},"f":{"0":1,"1":0,"2":0,"3":0,"4":0,"5":0,"6":0,"7":0,"8":0,"9":0},"b":{"0":[0,1],"1":[0,1],"2":[0,0,0],"3":[0,0,0],"4":[1,0],"5":[1,0],"6":[1,0],"7":[0,0],"8":[0,0]},"_coverageSchema":"43e27e138ebf9cfc5966b082cf9a028302ed4184","hash":"7a2eb4b02e02eb592049845a95ee299519f18a19"}
,"F:\\Magdy\\The D\\d-task\\src\\routes\\club\\clubList.js": {"path":"F:\\Magdy\\The D\\d-task\\src\\routes\\club\\clubList.js","statementMap":{"0":{"start":{"line":11,"column":4},"end":{"line":11,"column":64}},"1":{"start":{"line":12,"column":4},"end":{"line":27,"column":5}},"2":{"start":{"line":18,"column":24},"end":{"line":20,"column":30}},"3":{"start":{"line":31,"column":4},"end":{"line":33,"column":5}},"4":{"start":{"line":38,"column":4},"end":{"line":41,"column":5}}},"fnMap":{"0":{"name":"ClubList","decl":{"start":{"line":10,"column":16},"end":{"line":10,"column":24}},"loc":{"start":{"line":10,"column":32},"end":{"line":28,"column":1}},"line":10},"1":{"name":"(anonymous_1)","decl":{"start":{"line":17,"column":36},"end":{"line":17,"column":37}},"loc":{"start":{"line":17,"column":46},"end":{"line":22,"column":21}},"line":17},"2":{"name":"mapStateToProps","decl":{"start":{"line":30,"column":9},"end":{"line":30,"column":24}},"loc":{"start":{"line":30,"column":42},"end":{"line":34,"column":1}},"line":30},"3":{"name":"mapDispatcherToProps","decl":{"start":{"line":37,"column":9},"end":{"line":37,"column":29}},"loc":{"start":{"line":37,"column":40},"end":{"line":43,"column":1}},"line":37}},"branchMap":{"0":{"loc":{"start":{"line":11,"column":4},"end":{"line":11,"column":63}},"type":"cond-expr","locations":[{"start":{"line":11,"column":20},"end":{"line":11,"column":58}},{"start":{"line":11,"column":59},"end":{"line":11,"column":63}}],"line":11},"1":{"loc":{"start":{"line":16,"column":17},"end":{"line":22,"column":22}},"type":"binary-expr","locations":[{"start":{"line":16,"column":17},"end":{"line":16,"column":56}},{"start":{"line":17,"column":20},"end":{"line":22,"column":22}}],"line":16},"2":{"loc":{"start":{"line":16,"column":18},"end":{"line":16,"column":51}},"type":"binary-expr","locations":[{"start":{"line":16,"column":18},"end":{"line":16,"column":29}},{"start":{"line":16,"column":33},"end":{"line":16,"column":51}}],"line":16},"3":{"loc":{"start":{"line":32,"column":15},"end":{"line":32,"column":46}},"type":"cond-expr","locations":[{"start":{"line":32,"column":27},"end":{"line":32,"column":43}},{"start":{"line":32,"column":44},"end":{"line":32,"column":46}}],"line":32}},"s":{"0":2,"1":2,"2":0,"3":1,"4":1},"f":{"0":2,"1":0,"2":1,"3":1},"b":{"0":[1,1],"1":[2,0],"2":[2,1],"3":[0,1]},"_coverageSchema":"43e27e138ebf9cfc5966b082cf9a028302ed4184","hash":"6e7ec34a80cfa2224d9460f6a58a301c2e67640e"}
,"F:\\Magdy\\The D\\d-task\\src\\routes\\game\\gameList.js": {"path":"F:\\Magdy\\The D\\d-task\\src\\routes\\game\\gameList.js","statementMap":{"0":{"start":{"line":13,"column":15},"end":{"line":13,"column":17}},"1":{"start":{"line":14,"column":22},"end":{"line":14,"column":24}},"2":{"start":{"line":15,"column":22},"end":{"line":15,"column":24}},"3":{"start":{"line":16,"column":15},"end":{"line":16,"column":25}},"4":{"start":{"line":17,"column":4},"end":{"line":17,"column":66}},"5":{"start":{"line":18,"column":4},"end":{"line":20,"column":5}},"6":{"start":{"line":19,"column":8},"end":{"line":19,"column":86}},"7":{"start":{"line":19,"column":41},"end":{"line":19,"column":85}},"8":{"start":{"line":22,"column":4},"end":{"line":28,"column":5}},"9":{"start":{"line":24,"column":8},"end":{"line":24,"column":94}},"10":{"start":{"line":24,"column":48},"end":{"line":24,"column":92}},"11":{"start":{"line":25,"column":8},"end":{"line":27,"column":21}},"12":{"start":{"line":26,"column":12},"end":{"line":26,"column":67}},"13":{"start":{"line":30,"column":27},"end":{"line":34,"column":10}},"14":{"start":{"line":31,"column":8},"end":{"line":31,"column":65}},"15":{"start":{"line":31,"column":37},"end":{"line":31,"column":65}},"16":{"start":{"line":32,"column":8},"end":{"line":32,"column":42}},"17":{"start":{"line":33,"column":8},"end":{"line":33,"column":21}},"18":{"start":{"line":36,"column":23},"end":{"line":54,"column":6}},"19":{"start":{"line":37,"column":20},"end":{"line":37,"column":34}},"20":{"start":{"line":38,"column":8},"end":{"line":38,"column":32}},"21":{"start":{"line":39,"column":20},"end":{"line":39,"column":30}},"22":{"start":{"line":40,"column":8},"end":{"line":40,"column":32}},"23":{"start":{"line":43,"column":8},"end":{"line":49,"column":9}},"24":{"start":{"line":45,"column":12},"end":{"line":45,"column":33}},"25":{"start":{"line":48,"column":12},"end":{"line":48,"column":46}},"26":{"start":{"line":50,"column":8},"end":{"line":53,"column":10}},"27":{"start":{"line":55,"column":4},"end":{"line":72,"column":5}},"28":{"start":{"line":60,"column":56},"end":{"line":63,"column":30}},"29":{"start":{"line":62,"column":55},"end":{"line":62,"column":131}},"30":{"start":{"line":76,"column":4},"end":{"line":79,"column":5}},"31":{"start":{"line":84,"column":4},"end":{"line":87,"column":5}}},"fnMap":{"0":{"name":"GameList","decl":{"start":{"line":12,"column":16},"end":{"line":12,"column":24}},"loc":{"start":{"line":12,"column":32},"end":{"line":73,"column":1}},"line":12},"1":{"name":"(anonymous_1)","decl":{"start":{"line":19,"column":31},"end":{"line":19,"column":32}},"loc":{"start":{"line":19,"column":41},"end":{"line":19,"column":85}},"line":19},"2":{"name":"(anonymous_2)","decl":{"start":{"line":24,"column":41},"end":{"line":24,"column":42}},"loc":{"start":{"line":24,"column":48},"end":{"line":24,"column":92}},"line":24},"3":{"name":"(anonymous_3)","decl":{"start":{"line":25,"column":39},"end":{"line":25,"column":40}},"loc":{"start":{"line":25,"column":55},"end":{"line":27,"column":9}},"line":25},"4":{"name":"(anonymous_4)","decl":{"start":{"line":30,"column":46},"end":{"line":30,"column":47}},"loc":{"start":{"line":30,"column":63},"end":{"line":34,"column":5}},"line":30},"5":{"name":"(anonymous_5)","decl":{"start":{"line":36,"column":57},"end":{"line":36,"column":58}},"loc":{"start":{"line":36,"column":67},"end":{"line":54,"column":5}},"line":36},"6":{"name":"(anonymous_6)","decl":{"start":{"line":60,"column":39},"end":{"line":60,"column":40}},"loc":{"start":{"line":60,"column":56},"end":{"line":63,"column":30}},"line":60},"7":{"name":"(anonymous_7)","decl":{"start":{"line":62,"column":45},"end":{"line":62,"column":46}},"loc":{"start":{"line":62,"column":55},"end":{"line":62,"column":131}},"line":62},"8":{"name":"mapStateToProps","decl":{"start":{"line":75,"column":9},"end":{"line":75,"column":24}},"loc":{"start":{"line":75,"column":42},"end":{"line":80,"column":1}},"line":75},"9":{"name":"mapDispatcherToProps","decl":{"start":{"line":83,"column":9},"end":{"line":83,"column":29}},"loc":{"start":{"line":83,"column":40},"end":{"line":89,"column":1}},"line":83}},"branchMap":{"0":{"loc":{"start":{"line":17,"column":4},"end":{"line":17,"column":65}},"type":"cond-expr","locations":[{"start":{"line":17,"column":20},"end":{"line":17,"column":58}},{"start":{"line":17,"column":61},"end":{"line":17,"column":65}}],"line":17},"1":{"loc":{"start":{"line":18,"column":4},"end":{"line":20,"column":5}},"type":"if","locations":[{"start":{"line":18,"column":4},"end":{"line":20,"column":5}},{"start":{"line":18,"column":4},"end":{"line":20,"column":5}}],"line":18},"2":{"loc":{"start":{"line":18,"column":8},"end":{"line":18,"column":45}},"type":"binary-expr","locations":[{"start":{"line":18,"column":8},"end":{"line":18,"column":19}},{"start":{"line":18,"column":23},"end":{"line":18,"column":45}}],"line":18},"3":{"loc":{"start":{"line":22,"column":4},"end":{"line":28,"column":5}},"type":"if","locations":[{"start":{"line":22,"column":4},"end":{"line":28,"column":5}},{"start":{"line":22,"column":4},"end":{"line":28,"column":5}}],"line":22},"4":{"loc":{"start":{"line":22,"column":7},"end":{"line":22,"column":44}},"type":"binary-expr","locations":[{"start":{"line":22,"column":7},"end":{"line":22,"column":18}},{"start":{"line":22,"column":22},"end":{"line":22,"column":44}}],"line":22},"5":{"loc":{"start":{"line":31,"column":8},"end":{"line":31,"column":65}},"type":"if","locations":[{"start":{"line":31,"column":8},"end":{"line":31,"column":65}},{"start":{"line":31,"column":8},"end":{"line":31,"column":65}}],"line":31},"6":{"loc":{"start":{"line":43,"column":8},"end":{"line":49,"column":9}},"type":"if","locations":[{"start":{"line":43,"column":8},"end":{"line":49,"column":9}},{"start":{"line":43,"column":8},"end":{"line":49,"column":9}}],"line":43},"7":{"loc":{"start":{"line":59,"column":21},"end":{"line":63,"column":31}},"type":"binary-expr","locations":[{"start":{"line":59,"column":21},"end":{"line":59,"column":42}},{"start":{"line":60,"column":24},"end":{"line":63,"column":31}}],"line":59},"8":{"loc":{"start":{"line":77,"column":15},"end":{"line":77,"column":47}},"type":"cond-expr","locations":[{"start":{"line":77,"column":28},"end":{"line":77,"column":44}},{"start":{"line":77,"column":45},"end":{"line":77,"column":47}}],"line":77},"9":{"loc":{"start":{"line":78,"column":15},"end":{"line":78,"column":47}},"type":"cond-expr","locations":[{"start":{"line":78,"column":28},"end":{"line":78,"column":44}},{"start":{"line":78,"column":45},"end":{"line":78,"column":47}}],"line":78}},"s":{"0":1,"1":1,"2":1,"3":1,"4":1,"5":1,"6":0,"7":0,"8":1,"9":0,"10":0,"11":0,"12":0,"13":1,"14":0,"15":0,"16":0,"17":0,"18":1,"19":0,"20":0,"21":0,"22":0,"23":0,"24":0,"25":0,"26":0,"27":1,"28":0,"29":0,"30":0,"31":0},"f":{"0":1,"1":0,"2":0,"3":0,"4":0,"5":0,"6":0,"7":0,"8":0,"9":0},"b":{"0":[0,1],"1":[0,1],"2":[1,0],"3":[0,1],"4":[1,0],"5":[0,0],"6":[0,0],"7":[1,0],"8":[0,0],"9":[0,0]},"_coverageSchema":"43e27e138ebf9cfc5966b082cf9a028302ed4184","hash":"375b0b79ea2002d0dd2969b6dc5663c5f4677b47"}
,"F:\\Magdy\\The D\\d-task\\src\\store\\configuerStore.js": {"path":"F:\\Magdy\\The D\\d-task\\src\\store\\configuerStore.js","statementMap":{"0":{"start":{"line":26,"column":18},"end":{"line":26,"column":46}},"1":{"start":{"line":27,"column":14},"end":{"line":27,"column":58}}},"fnMap":{},"branchMap":{},"s":{"0":6,"1":6},"f":{},"b":{},"_coverageSchema":"43e27e138ebf9cfc5966b082cf9a028302ed4184","hash":"21bb085d501da112d4e519bdaf3cd711bcfb9b0b"}
,"F:\\Magdy\\The D\\d-task\\src\\test\\setupTests.js": {"path":"F:\\Magdy\\The D\\d-task\\src\\test\\setupTests.js","statementMap":{"0":{"start":{"line":4,"column":0},"end":{"line":4,"column":38}}},"fnMap":{},"branchMap":{},"s":{"0":0},"f":{},"b":{},"hash":"0f4e871c3f208a5217034cf0f22e68389feb281e"}
}
