TN:
SF:F:\Magdy\The D\d-task\src\App.js
FN:6,App
FNF:1
FNH:1
FNDA:1,App
DA:7,1
LF:1
LH:1
BRF:0
BRH:0
end_of_record
TN:
SF:F:\Magdy\The D\d-task\src\index.js
FNF:0
FNH:0
DA:13,0
DA:14,0
DA:15,0
DA:22,0
LF:4
LH:0
BRF:0
BRH:0
end_of_record
TN:
SF:F:\Magdy\The D\d-task\src\serviceWorker.js
FN:23,register
FN:34,(anonymous_1)
FN:43,(anonymous_2)
FN:57,registerValidSW
FN:60,(anonymous_4)
FN:61,(anonymous_5)
FN:66,(anonymous_6)
FN:96,(anonymous_7)
FN:101,checkValidServiceWorker
FN:104,(anonymous_9)
FN:112,(anonymous_10)
FN:113,(anonymous_11)
FN:122,(anonymous_12)
FN:129,unregister
FN:131,(anonymous_14)
FNF:15
FNH:0
FNDA:0,register
FNDA:0,(anonymous_1)
FNDA:0,(anonymous_2)
FNDA:0,registerValidSW
FNDA:0,(anonymous_4)
FNDA:0,(anonymous_5)
FNDA:0,(anonymous_6)
FNDA:0,(anonymous_7)
FNDA:0,checkValidServiceWorker
FNDA:0,(anonymous_9)
FNDA:0,(anonymous_10)
FNDA:0,(anonymous_11)
FNDA:0,(anonymous_12)
FNDA:0,unregister
FNDA:0,(anonymous_14)
DA:13,0
DA:24,0
DA:26,0
DA:27,0
DA:31,0
DA:34,0
DA:35,0
DA:37,0
DA:39,0
DA:43,0
DA:44,0
DA:51,0
DA:58,0
DA:61,0
DA:62,0
DA:63,0
DA:64,0
DA:66,0
DA:67,0
DA:68,0
DA:72,0
DA:78,0
DA:79,0
DA:85,0
DA:88,0
DA:89,0
DA:97,0
DA:103,0
DA:106,0
DA:107,0
DA:112,0
DA:113,0
DA:114,0
DA:119,0
DA:123,0
DA:130,0
DA:131,0
DA:132,0
LF:38
LH:0
BRDA:14,0,0,0
BRDA:14,0,1,0
BRDA:14,0,2,0
BRDA:24,1,0,0
BRDA:24,1,1,0
BRDA:24,2,0,0
BRDA:24,2,1,0
BRDA:27,3,0,0
BRDA:27,3,1,0
BRDA:37,4,0,0
BRDA:37,4,1,0
BRDA:63,5,0,0
BRDA:63,5,1,0
BRDA:67,6,0,0
BRDA:67,6,1,0
BRDA:68,7,0,0
BRDA:68,7,1,0
BRDA:78,8,0,0
BRDA:78,8,1,0
BRDA:78,9,0,0
BRDA:78,9,1,0
BRDA:88,10,0,0
BRDA:88,10,1,0
BRDA:88,11,0,0
BRDA:88,11,1,0
BRDA:107,12,0,0
BRDA:107,12,1,0
BRDA:108,13,0,0
BRDA:108,13,1,0
BRDA:108,13,2,0
BRDA:130,14,0,0
BRDA:130,14,1,0
BRF:32
BRH:0
end_of_record
TN:
SF:F:\Magdy\The D\d-task\src\api\constants.js
FNF:0
FNH:0
DA:2,6
DA:3,6
DA:4,6
LF:3
LH:3
BRF:0
BRH:0
end_of_record
TN:
SF:F:\Magdy\The D\d-task\src\api\footballAPI.js
FN:9,(anonymous_0)
FN:13,(anonymous_1)
FN:14,(anonymous_2)
FN:16,(anonymous_3)
FN:26,(anonymous_4)
FN:30,(anonymous_5)
FN:31,(anonymous_6)
FN:33,(anonymous_7)
FN:43,(anonymous_8)
FN:47,(anonymous_9)
FN:48,(anonymous_10)
FN:50,(anonymous_11)
FNF:12
FNH:3
FNDA:1,(anonymous_0)
FNDA:0,(anonymous_1)
FNDA:0,(anonymous_2)
FNDA:0,(anonymous_3)
FNDA:1,(anonymous_4)
FNDA:0,(anonymous_5)
FNDA:0,(anonymous_6)
FNDA:0,(anonymous_7)
FNDA:1,(anonymous_8)
FNDA:0,(anonymous_9)
FNDA:0,(anonymous_10)
FNDA:0,(anonymous_11)
DA:8,6
DA:10,1
DA:13,0
DA:15,0
DA:17,0
DA:27,1
DA:30,0
DA:32,0
DA:34,0
DA:44,1
DA:47,0
DA:49,0
DA:51,0
LF:13
LH:4
BRF:0
BRH:0
end_of_record
TN:
SF:F:\Magdy\The D\d-task\src\components\clubCard.js
FN:7,ClubCard
FNF:1
FNH:1
FNDA:1,ClubCard
DA:8,1
LF:1
LH:1
BRDA:10,0,0,1
BRDA:10,0,1,0
BRF:2
BRH:1
end_of_record
TN:
SF:F:\Magdy\The D\d-task\src\components\gameCard.js
FN:7,GameCard
FNF:1
FNH:1
FNDA:1,GameCard
DA:9,1
DA:10,1
DA:11,1
DA:12,1
DA:14,1
LF:5
LH:5
BRDA:11,0,0,0
BRDA:11,0,1,1
BRDA:16,1,0,1
BRDA:16,1,1,0
BRDA:26,2,0,0
BRDA:26,2,1,0
BRDA:26,2,2,0
BRDA:37,3,0,0
BRDA:37,3,1,0
BRDA:48,4,0,0
BRDA:48,4,1,0
BRDA:48,4,2,0
BRDA:55,5,0,0
BRDA:55,5,1,0
BRDA:55,5,2,0
BRF:15
BRH:2
end_of_record
TN:
SF:F:\Magdy\The D\d-task\src\components\playerCard.js
FN:8,PlayerCard
FNF:1
FNH:1
FNDA:1,PlayerCard
DA:9,1
LF:1
LH:1
BRDA:15,0,0,1
BRDA:15,0,1,0
BRDA:22,1,0,1
BRDA:22,1,1,0
BRF:4
BRH:2
end_of_record
TN:
SF:F:\Magdy\The D\d-task\src\components\searchComponent.js
FN:13,(anonymous_0)
FN:21,(anonymous_1)
FN:27,(anonymous_2)
FN:44,(anonymous_3)
FN:48,(anonymous_4)
FN:51,(anonymous_5)
FN:64,mapStateToProps
FN:70,mapDispatcherToProps
FNF:8
FNH:4
FNDA:2,(anonymous_0)
FNDA:2,(anonymous_1)
FNDA:0,(anonymous_2)
FNDA:0,(anonymous_3)
FNDA:0,(anonymous_4)
FNDA:0,(anonymous_5)
FNDA:2,mapStateToProps
FNDA:2,mapDispatcherToProps
DA:14,2
DA:15,2
DA:22,2
DA:28,0
DA:29,0
DA:31,0
DA:32,0
DA:45,0
DA:49,0
DA:52,0
DA:53,0
DA:65,2
DA:71,2
LF:13
LH:5
BRDA:24,0,0,2
BRDA:24,0,1,0
BRDA:28,1,0,0
BRDA:28,1,1,0
BRDA:31,2,0,0
BRDA:31,2,1,0
BRDA:40,3,0,2
BRDA:40,3,1,0
BRF:8
BRH:2
end_of_record
TN:
SF:F:\Magdy\The D\d-task\src\model\club\actions.js
FN:4,(anonymous_0)
FN:7,(anonymous_1)
FN:10,(anonymous_2)
FNF:3
FNH:2
FNDA:1,(anonymous_0)
FNDA:0,(anonymous_1)
FNDA:1,(anonymous_2)
DA:3,7
DA:5,1
DA:8,0
DA:11,1
LF:4
LH:3
BRF:0
BRH:0
end_of_record
TN:
SF:F:\Magdy\The D\d-task\src\model\club\constants.js
FNF:0
FNH:0
DA:1,7
LF:1
LH:1
BRF:0
BRH:0
end_of_record
TN:
SF:F:\Magdy\The D\d-task\src\model\club\reducers.js
FN:3,clubReducer
FN:14,(anonymous_1)
FNF:2
FNH:1
FNDA:22,clubReducer
FNDA:0,(anonymous_1)
DA:4,22
DA:6,2
DA:8,2
DA:9,2
DA:10,2
DA:13,0
DA:14,0
DA:16,2
DA:18,0
DA:20,18
LF:10
LH:7
BRDA:3,0,0,22
BRDA:4,1,0,2
BRDA:4,1,1,2
BRDA:4,1,2,0
BRDA:4,1,3,18
BRDA:9,2,0,2
BRDA:9,2,1,0
BRDA:9,3,0,2
BRDA:9,3,1,2
BRDA:13,4,0,0
BRDA:13,4,1,0
BRF:11
BRH:7
end_of_record
TN:
SF:F:\Magdy\The D\d-task\src\model\game\actions.js
FN:6,(anonymous_0)
FN:9,(anonymous_1)
FNF:2
FNH:1
FNDA:1,(anonymous_0)
FNDA:0,(anonymous_1)
DA:5,7
DA:7,1
DA:10,0
LF:3
LH:2
BRF:0
BRH:0
end_of_record
TN:
SF:F:\Magdy\The D\d-task\src\model\game\constants.js
FNF:0
FNH:0
DA:1,7
LF:1
LH:1
BRF:0
BRH:0
end_of_record
TN:
SF:F:\Magdy\The D\d-task\src\model\game\reducers.js
FN:3,gameReducer
FNF:1
FNH:1
FNDA:22,gameReducer
DA:4,22
DA:6,2
DA:9,0
DA:10,0
DA:12,20
LF:5
LH:3
BRDA:3,0,0,22
BRDA:4,1,0,2
BRDA:4,1,1,0
BRDA:4,1,2,20
BRDA:9,2,0,0
BRDA:9,2,1,0
BRF:6
BRH:3
end_of_record
TN:
SF:F:\Magdy\The D\d-task\src\routes\header.js
FN:12,(anonymous_0)
FN:18,(anonymous_1)
FN:36,mapStateToProps
FN:43,mapDispatcherToProps
FNF:4
FNH:4
FNDA:1,(anonymous_0)
FNDA:1,(anonymous_1)
FNDA:1,mapStateToProps
FNDA:1,mapDispatcherToProps
DA:13,1
DA:14,1
DA:19,1
DA:37,1
DA:44,1
LF:5
LH:5
BRDA:38,0,0,0
BRDA:38,0,1,1
BRF:2
BRH:1
end_of_record
TN:
SF:F:\Magdy\The D\d-task\src\routes\route.js
FN:9,(anonymous_0)
FNF:1
FNH:1
FNDA:1,(anonymous_0)
DA:9,1
DA:10,1
LF:2
LH:2
BRF:0
BRH:0
end_of_record
TN:
SF:F:\Magdy\The D\d-task\src\routes\club\clubData.js
FN:12,ClubData
FN:19,(anonymous_1)
FN:22,(anonymous_2)
FN:23,(anonymous_3)
FN:24,(anonymous_4)
FN:25,(anonymous_5)
FN:50,(anonymous_6)
FN:58,(anonymous_7)
FN:72,mapStateToProps
FN:80,mapDispatcherToProps
FNF:10
FNH:1
FNDA:1,ClubData
FNDA:0,(anonymous_1)
FNDA:0,(anonymous_2)
FNDA:0,(anonymous_3)
FNDA:0,(anonymous_4)
FNDA:0,(anonymous_5)
FNDA:0,(anonymous_6)
FNDA:0,(anonymous_7)
FNDA:0,mapStateToProps
FNDA:0,mapDispatcherToProps
DA:13,1
DA:14,1
DA:15,1
DA:17,1
DA:19,1
DA:21,1
DA:22,0
DA:23,0
DA:24,0
DA:25,0
DA:28,1
DA:50,0
DA:58,0
DA:73,0
DA:81,0
LF:15
LH:7
BRDA:19,0,0,0
BRDA:19,0,1,1
BRDA:21,1,0,0
BRDA:21,1,1,1
BRDA:24,2,0,0
BRDA:24,2,1,0
BRDA:24,2,2,0
BRDA:25,3,0,0
BRDA:25,3,1,0
BRDA:25,3,2,0
BRDA:32,4,0,1
BRDA:32,4,1,0
BRDA:46,5,0,1
BRDA:46,5,1,0
BRDA:54,6,0,1
BRDA:54,6,1,0
BRDA:74,7,0,0
BRDA:74,7,1,0
BRDA:75,8,0,0
BRDA:75,8,1,0
BRF:20
BRH:5
end_of_record
TN:
SF:F:\Magdy\The D\d-task\src\routes\club\clubList.js
FN:10,ClubList
FN:17,(anonymous_1)
FN:30,mapStateToProps
FN:37,mapDispatcherToProps
FNF:4
FNH:3
FNDA:2,ClubList
FNDA:0,(anonymous_1)
FNDA:1,mapStateToProps
FNDA:1,mapDispatcherToProps
DA:11,2
DA:12,2
DA:18,0
DA:31,1
DA:38,1
LF:5
LH:4
BRDA:11,0,0,1
BRDA:11,0,1,1
BRDA:16,1,0,2
BRDA:16,1,1,0
BRDA:16,2,0,2
BRDA:16,2,1,1
BRDA:32,3,0,0
BRDA:32,3,1,1
BRF:8
BRH:6
end_of_record
TN:
SF:F:\Magdy\The D\d-task\src\routes\game\gameList.js
FN:12,GameList
FN:19,(anonymous_1)
FN:24,(anonymous_2)
FN:25,(anonymous_3)
FN:30,(anonymous_4)
FN:36,(anonymous_5)
FN:60,(anonymous_6)
FN:62,(anonymous_7)
FN:75,mapStateToProps
FN:83,mapDispatcherToProps
FNF:10
FNH:1
FNDA:1,GameList
FNDA:0,(anonymous_1)
FNDA:0,(anonymous_2)
FNDA:0,(anonymous_3)
FNDA:0,(anonymous_4)
FNDA:0,(anonymous_5)
FNDA:0,(anonymous_6)
FNDA:0,(anonymous_7)
FNDA:0,mapStateToProps
FNDA:0,mapDispatcherToProps
DA:13,1
DA:14,1
DA:15,1
DA:16,1
DA:17,1
DA:18,1
DA:19,0
DA:22,1
DA:24,0
DA:25,0
DA:26,0
DA:30,1
DA:31,0
DA:32,0
DA:33,0
DA:36,1
DA:37,0
DA:38,0
DA:39,0
DA:40,0
DA:43,0
DA:45,0
DA:48,0
DA:50,0
DA:55,1
DA:60,0
DA:62,0
DA:76,0
DA:84,0
LF:29
LH:10
BRDA:17,0,0,0
BRDA:17,0,1,1
BRDA:18,1,0,0
BRDA:18,1,1,1
BRDA:18,2,0,1
BRDA:18,2,1,0
BRDA:22,3,0,0
BRDA:22,3,1,1
BRDA:22,4,0,1
BRDA:22,4,1,0
BRDA:31,5,0,0
BRDA:31,5,1,0
BRDA:43,6,0,0
BRDA:43,6,1,0
BRDA:59,7,0,1
BRDA:59,7,1,0
BRDA:77,8,0,0
BRDA:77,8,1,0
BRDA:78,9,0,0
BRDA:78,9,1,0
BRF:20
BRH:6
end_of_record
TN:
SF:F:\Magdy\The D\d-task\src\store\configuerStore.js
FNF:0
FNH:0
DA:26,6
DA:27,6
LF:2
LH:2
BRF:0
BRH:0
end_of_record
TN:
SF:F:\Magdy\The D\d-task\src\test\setupTests.js
FNF:0
FNH:0
DA:4,0
LF:1
LH:0
BRF:0
BRH:0
end_of_record
